<?xml version="1.0" encoding="UTF-8"?>
<!-- Generated by org.testng.reporters.JUnitReportReporter -->
<testsuite hostname="LAPTOP-2R3M8GVR" failures="0" tests="10" name="model.dao.LivroDAOTest" time="0.240" errors="0" timestamp="19 jun. 2022 01:56:18 GMT" skipped="0">
  <testcase classname="model.dao.LivroDAOTest" name="testReadIndisponivel" time="0.021"/>
  <testcase classname="model.dao.LivroDAOTest" name="testRead" time="0.023"/>
  <testcase classname="model.dao.LivroDAOTest" name="testAlteraInformacoesEmprestimo" time="0.023"/>
  <testcase classname="model.dao.LivroDAOTest" name="testFazDevolucao" time="0.042"/>
  <testcase classname="model.dao.LivroDAOTest" name="testBuscaLivros" time="0.022"/>
  <testcase classname="model.dao.LivroDAOTest" name="testFazEmprestimo" time="0.022"/>
  <testcase classname="model.dao.LivroDAOTest" name="testCreate" time="0.022"/>
  <testcase classname="model.dao.LivroDAOTest" name="testUpdate" time="0.021"/>
  <testcase classname="model.dao.LivroDAOTest" name="testBuscaLivrosID" time="0.022"/>
  <testcase classname="model.dao.LivroDAOTest" name="testDelete" time="0.022"/>
</testsuite> <!-- model.dao.LivroDAOTest -->
