<?xml version="1.0" encoding="UTF-8"?>
<!-- Generated by org.testng.reporters.JUnitReportReporter -->
<testsuite hostname="LAPTOP-2R3M8GVR" failures="0" tests="10" name="model.dao.LivroDAOTest" time="1.770" errors="0" timestamp="19 jun. 2022 16:05:29 GMT" skipped="0">
  <testcase classname="model.dao.LivroDAOTest" name="testDelete" time="0.192"/>
  <testcase classname="model.dao.LivroDAOTest" name="testFazDevolucao" time="0.177"/>
  <testcase classname="model.dao.LivroDAOTest" name="testBuscaLivros" time="0.160"/>
  <testcase classname="model.dao.LivroDAOTest" name="testRead" time="0.154"/>
  <testcase classname="model.dao.LivroDAOTest" name="testUpdate" time="0.198"/>
  <testcase classname="model.dao.LivroDAOTest" name="testBuscaLivrosID" time="0.187"/>
  <testcase classname="model.dao.LivroDAOTest" name="testCreate" time="0.189"/>
  <testcase classname="model.dao.LivroDAOTest" name="testReadIndisponivel" time="0.195"/>
  <testcase classname="model.dao.LivroDAOTest" name="testAlteraInformacoesEmprestimo" time="0.156"/>
  <testcase classname="model.dao.LivroDAOTest" name="testFazEmprestimo" time="0.162"/>
</testsuite> <!-- model.dao.LivroDAOTest -->
