<?xml version="1.0" encoding="UTF-8"?>
<!-- Generated by org.testng.reporters.JUnitReportReporter -->
<testsuite hostname="LAPTOP-2R3M8GVR" failures="0" tests="2" name="view.TelaCadastroLivrosTest" time="0.001" errors="0" timestamp="19 jun. 2022 01:56:18 GMT" skipped="0">
  <testcase classname="view.TelaCadastroLivrosTest" name="testMain" time="0.001"/>
  <testcase classname="view.TelaCadastroLivrosTest" name="testReadJtable" time="0.000"/>
</testsuite> <!-- view.TelaCadastroLivrosTest -->
