<?xml version="1.0" encoding="UTF-8"?>
<!-- Generated by org.testng.reporters.JUnitReportReporter -->
<testsuite hostname="LAPTOP-2R3M8GVR" failures="0" tests="6" name="model.dao.UsuarioDAOTest" time="0.058" errors="0" timestamp="19 jun. 2022 16:05:29 GMT" skipped="0">
  <testcase classname="model.dao.UsuarioDAOTest" name="testBuscaUsuarioPorEmaileCPF" time="0.010"/>
  <testcase classname="model.dao.UsuarioDAOTest" name="testUpdateSenhaSemInformar" time="0.005"/>
  <testcase classname="model.dao.UsuarioDAOTest" name="testUpdateSenha" time="0.006"/>
  <testcase classname="model.dao.UsuarioDAOTest" name="testCreate" time="0.012"/>
  <testcase classname="model.dao.UsuarioDAOTest" name="testBuscaTodosUsuarios" time="0.008"/>
  <testcase classname="model.dao.UsuarioDAOTest" name="testBuscaUsuarioPorEmail" time="0.017"/>
</testsuite> <!-- model.dao.UsuarioDAOTest -->
